#######################################################################################
# fsdb.xxxxx.log : log primitive debug message of FSDB Reader
# This is for R&D to analyze when there are issues happening when FSDB reading
# The corresponding FSDB file is /home/min/a/huan2288/SHA3/UVM/wave.fsdb
#######################################################################################
[BASIC]Reader version : Chronologic Simulation VCS Release U-2023.03-SP2-2-T-20240104_F
[BASIC]simulator version : Chronologic Simulation VCS Release U-2023.03-SP2-2-T-20240104_F
[BASIC]dumper version : FSDB Dumper for VCS, Release Verdi_V-2023.12, Linux x86_64/64bit, 11/15/2023
[THREAD]The MTR thread count is 9
[PERF]VC decompress count : 0
[PERF]VCChain decompress count : 1
[PERF]VC decompress count : 0
[PERF]VCChain decompress count : 1
[PERF]VC decompress count : 0
[PERF]VCChain decompress count : 1
[PERF]VC decompress count : 0
[PERF]VCChain decompress count : 1
[PERF]VC decompress count : 0
[PERF]VCChain decompress count : 1
[PERF]VC decompress count : 0
[PERF]VCChain decompress count : 1
[PERF]VC decompress count : 0
[PERF]VCChain decompress count : 1
[PERF]VC decompress count : 0
[PERF]VCChain decompress count : 1
[READSCOPE]ReadScopeTree calling time is 1
[READSCOPE]ReadScope_PartialLoad calling time is 0
[READSCOPE]Scope read by partial load count is 0
[READSCOPE]Scope read count is 3
[READSCOPE]Decompressed blk is 1
[MAXCHAIN]Decompressed cnt 26
[PERF]VC decompress count : 1
[PERF]VCChain decompress count : 1
[FSDBGate Info] start
[FSDBGate Info] Total fhdb_compute_count = 64
[FSDBGate Info] end
