#######################################################################################
# log primitive debug message of FSDB dumping                                         #
# This is for R&D to analyze when there are issues happening when FSDB dump           #
#######################################################################################
ANF: vcsd_get_serial_mode_status('simv: undefined symbol: vcsd_get_serial_mode_status')
ANF: vcsd_enable_sva_success_callback('simv: undefined symbol: vcsd_enable_sva_success_callback')
ANF: vcsd_disable_sva_success_callback('simv: undefined symbol: vcsd_disable_sva_success_callback')
ANF: vcsd_get_power_scope_name('simv: undefined symbol: vcsd_get_power_scope_name')
ANF: vcsd_dump_var_vpdg('simv: undefined symbol: vcsd_dump_var_vpdg')
ANF: vcsd_begin_no_value_var_info('simv: undefined symbol: vcsd_begin_no_value_var_info')
ANF: vcsd_end_no_value_var_info('simv: undefined symbol: vcsd_end_no_value_var_info')
ANF: vcsd_remove_xprop_merge_mode_callback('simv: undefined symbol: vcsd_remove_xprop_merge_mode_callback')
ANF: vcsd_get_extra_info('simv: undefined symbol: vcsd_get_extra_info')
ANF: vhpi_get_cb_info('simv: undefined symbol: vhpi_get_cb_info')
ANF: vhpi_free_handle('simv: undefined symbol: vhpi_free_handle')
ANF: vhpi_fetch_vcsd_handle('simv: undefined symbol: vhpi_fetch_vcsd_handle')
ANF: vhpi_fetch_vpi_handle('simv: undefined symbol: vhpi_fetch_vpi_handle')
ANF: vhpi_has_verilog_parent('simv: undefined symbol: vhpi_has_verilog_parent')
ANF: vhpi_is_verilog_scope('simv: undefined symbol: vhpi_is_verilog_scope')
ANF: scsd_xprop_is_enabled('simv: undefined symbol: scsd_xprop_is_enabled')
ANF: scsd_xprop_sig_is_promoted('simv: undefined symbol: scsd_xprop_sig_is_promoted')
ANF: scsd_xprop_int_xvalue('simv: undefined symbol: scsd_xprop_int_xvalue')
ANF: scsd_xprop_bool_xvalue('simv: undefined symbol: scsd_xprop_bool_xvalue')
ANF: scsd_xprop_enum_xvalue('simv: undefined symbol: scsd_xprop_enum_xvalue')
ANF: scsd_xprop_register_merge_mode_cb('simv: undefined symbol: scsd_xprop_register_merge_mode_cb')
ANF: scsd_xprop_delete_merge_mode_cb('simv: undefined symbol: scsd_xprop_delete_merge_mode_cb')
ANF: scsd_xprop_get_merge_mode('simv: undefined symbol: scsd_xprop_get_merge_mode')
ANF: scsd_thread_get_info('simv: undefined symbol: scsd_thread_get_info')
ANF: scsd_thread_vc_init('simv: undefined symbol: scsd_thread_vc_init')
ANF: scsd_master_set_delta_sync_cbk('simv: undefined symbol: scsd_master_set_delta_sync_cbk')
ANF: scsd_fgp_get_fsdb_cores('simv: undefined symbol: scsd_fgp_get_fsdb_cores')
ANF: scsd_fgp_get_is_cpu_affinity_disabled('simv: undefined symbol: scsd_fgp_get_is_cpu_affinity_disabled')
ANF: vdi_dt_get_vlog_variant_size_array_info('simv: undefined symbol: vdi_dt_get_vlog_variant_size_array_info')
ANF: vdi_ist_get_info('simv: undefined symbol: vdi_ist_get_info')
ANF: vdi_flat_node_get_total_bit_size('simv: undefined symbol: vdi_flat_node_get_total_bit_size')
ANF: vdi_fn_get_elem_root_node_info('simv: undefined symbol: vdi_fn_get_elem_root_node_info')
ANF: vdi_root_node_get_total_bit_size('simv: undefined symbol: vdi_root_node_get_total_bit_size')
ANF: vdi_fn_create_vcsd_node_from_rn('simv: undefined symbol: vdi_fn_create_vcsd_node_from_rn')
ANF: vdi_dump_var_vpdg_vcsd('simv: undefined symbol: vdi_dump_var_vpdg_vcsd')
ANF: vdi_parallel_begin('simv: undefined symbol: vdi_parallel_begin')
ANF: vdi_parallel_end('simv: undefined symbol: vdi_parallel_end')
ANF: vhdi_dt_get_type('simv: undefined symbol: vhdi_dt_get_type')
ANF: vhdi_dt_get_key('simv: undefined symbol: vhdi_dt_get_key')
ANF: vhdi_dt_get_vhdl_enum_info('simv: undefined symbol: vhdi_dt_get_vhdl_enum_info')
ANF: vhdi_dt_get_vhdl_physical_info('simv: undefined symbol: vhdi_dt_get_vhdl_physical_info')
ANF: vhdi_dt_get_vhdl_array_info('simv: undefined symbol: vhdi_dt_get_vhdl_array_info')
ANF: vhdi_dt_get_vhdl_record_info('simv: undefined symbol: vhdi_dt_get_vhdl_record_info')
ANF: vhdi_dt_get_vhdl_integer_range_info('simv: undefined symbol: vhdi_dt_get_vhdl_integer_range_info')
ANF: vhdi_def_traverse_module('simv: undefined symbol: vhdi_def_traverse_module')
ANF: vhdi_def_traverse_scope('simv: undefined symbol: vhdi_def_traverse_scope')
ANF: vhdi_def_traverse_variable('simv: undefined symbol: vhdi_def_traverse_variable')
ANF: vhdi_def_get_module_id_by_vhpi('simv: undefined symbol: vhdi_def_get_module_id_by_vhpi')
ANF: vhdi_def_get_handle_by_module_id('simv: undefined symbol: vhdi_def_get_handle_by_module_id')
ANF: vhdi_def_get_variable_info_by_vhpi('simv: undefined symbol: vhdi_def_get_variable_info_by_vhpi')
ANF: vhdi_def_free('simv: undefined symbol: vhdi_def_free')
ANF: vhdi_ist_traverse_scope('simv: undefined symbol: vhdi_ist_traverse_scope')
ANF: vhdi_ist_traverse_variable('simv: undefined symbol: vhdi_ist_traverse_variable')
ANF: vhdi_ist_convert_by_vhpi('simv: undefined symbol: vhdi_ist_convert_by_vhpi')
ANF: vhdi_ist_clone('simv: undefined symbol: vhdi_ist_clone')
ANF: vhdi_ist_free('simv: undefined symbol: vhdi_ist_free')
ANF: vhdi_ist_hash_key('simv: undefined symbol: vhdi_ist_hash_key')
ANF: vhdi_ist_compare('simv: undefined symbol: vhdi_ist_compare')
ANF: vhdi_ist_get_value_addr('simv: undefined symbol: vhdi_ist_get_value_addr')
ANF: vhdi_set_scsd_callback('simv: undefined symbol: vhdi_set_scsd_callback')
ANF: vhdi_cbk_set_force_callback('simv: undefined symbol: vhdi_cbk_set_force_callback')
ANF: vhdi_trigger_init_force('simv: undefined symbol: vhdi_trigger_init_force')
ANF: vhdi_ist_check_scsd_callback('simv: undefined symbol: vhdi_ist_check_scsd_callback')
ANF: vhdi_ist_add_scsd_callback('simv: undefined symbol: vhdi_ist_add_scsd_callback')
ANF: vhdi_ist_remove_scsd_callback('simv: undefined symbol: vhdi_ist_remove_scsd_callback')
ANF: vhdi_ist_get_scsd_user_data('simv: undefined symbol: vhdi_ist_get_scsd_user_data')
ANF: vhdi_add_time_change_callback('simv: undefined symbol: vhdi_add_time_change_callback')
ANF: vhdi_get_real_value_by_value_addr('simv: undefined symbol: vhdi_get_real_value_by_value_addr')
ANF: vhdi_get_64_value_by_value_addr('simv: undefined symbol: vhdi_get_64_value_by_value_addr')
ANF: vhdi_xprop_inst_is_promoted('simv: undefined symbol: vhdi_xprop_inst_is_promoted')
ANF: vdi_ist_convert_by_vhdi('simv: undefined symbol: vdi_ist_convert_by_vhdi')
ANF: vhdi_ist_get_module_id('simv: undefined symbol: vhdi_ist_get_module_id')
ANF: vhdi_refine_foreign_scope_type('simv: undefined symbol: vhdi_refine_foreign_scope_type')
ANF: vhdi_flush_callback('simv: undefined symbol: vhdi_flush_callback')
ANF: vhdi_set_orig_name('simv: undefined symbol: vhdi_set_orig_name')
ANF: vhdi_set_dump_pt('simv: undefined symbol: vhdi_set_dump_pt')
ANF: vhdi_set_int_subtype('simv: undefined symbol: vhdi_set_int_subtype')
ANF: vhdi_set_fixed_point('simv: undefined symbol: vhdi_set_fixed_point')
ANF: vhdi_get_fsdb_option('simv: undefined symbol: vhdi_get_fsdb_option')
ANF: vhdi_fgp_get_mode('simv: undefined symbol: vhdi_fgp_get_mode')
ANF: vhdi_node_register_composite_var('simv: undefined symbol: vhdi_node_register_composite_var')
ANF: vhdi_node_analysis('simv: undefined symbol: vhdi_node_analysis')
ANF: vhdi_node_id('simv: undefined symbol: vhdi_node_id')
ANF: vhdi_node_ist_check_scsd_callback('simv: undefined symbol: vhdi_node_ist_check_scsd_callback')
ANF: vhdi_node_ist_add_scsd_callback('simv: undefined symbol: vhdi_node_ist_add_scsd_callback')
ANF: vhdi_node_ist_get_value_addr('simv: undefined symbol: vhdi_node_ist_get_value_addr')
ANF: vhdi_enc_def_traverse_module('simv: undefined symbol: vhdi_enc_def_traverse_module')
ANF: vhdi_enc_def_traverse_scope('simv: undefined symbol: vhdi_enc_def_traverse_scope')
ANF: vhdi_enc_def_traverse_variable('simv: undefined symbol: vhdi_enc_def_traverse_variable')
ANF: vhdi_enc_ist_traverse_scope('simv: undefined symbol: vhdi_enc_ist_traverse_scope')
ANF: vhdi_enc_ist_traverse_variable('simv: undefined symbol: vhdi_enc_ist_traverse_variable')
ANF: vhdi_enc_ist_get_module_id('simv: undefined symbol: vhdi_enc_ist_get_module_id')
ANF: vhdi_enc_def_get_handle_by_module_id('simv: undefined symbol: vhdi_enc_def_get_handle_by_module_id')
VCS compile option:
 option[0]: simv
 option[1]: +v2k
 option[2]: +acc
 option[3]: -a
 option[4]: compile.log
 option[5]: +define+UVM_DIRECTC_OPTS
 option[6]: /package/eda/synopsys/vcs/U-2023.03-SP2-2/linux64/bin/vcs1
 option[7]: -Mcc=gcc
 option[8]: -Mcplusplus=g++
 option[9]: -Masflags=
 option[10]: -Mcfl= -pipe -DVCS -DUVM_DPI_DO_TYPE_CHECK -fPIC -O -I/package/eda/synopsys/vcs/U-2023.03-SP2-2/include 
 option[11]: -Mxllcflags=
 option[12]: -Mxcflags= -pipe -DVCS -DUVM_DPI_DO_TYPE_CHECK -fPIC -I/package/eda/synopsys/vcs/U-2023.03-SP2-2/include
 option[13]: -Mldflags= -rdynamic 
 option[14]: -Mout=simv
 option[15]: -Mamsrun=
 option[16]: -Mvcsaceobjs=
 option[17]: -Mobjects=/package/eda/synopsys/vcs/U-2023.03-SP2-2/linux64/lib/vpdlogstub.o /package/eda/synopsys/vcs/U-2023.03-SP2-2/linux64/lib/libvirsim.so /package/eda/synopsys/vcs/U-2023.03-SP2-2/linux64/lib/liberrorinf.so /package/eda/synopsys/vcs/U-2023.03-SP2-2/linux64/lib/libsnpsmalloc.so /package/eda/synopsys/vcs/U-2023.03-SP2-2/linux64/lib/libvfs.so /package/eda/synopsys/verdi/V-2023.12/share/PLI/VCS/LINUX64/pli.a 
 option[18]: -Mexternalobj=
 option[19]: -Msaverestoreobj=/package/eda/synopsys/vcs/U-2023.03-SP2-2/linux64/lib/vcs_save_restore_new.o
 option[20]: -Mcrt0=
 option[21]: -Mcrtn=
 option[22]: -Mcsrc=/package/eda/synopsys/vcs/U-2023.03-SP2-2/etc/uvm/dpi/uvm_dpi.cc 
 option[23]: -Msyslibs=-ldl -lm 
 option[24]: -l
 option[25]: compile.log
 option[26]: +incdir+/package/eda/synopsys/vcs/U-2023.03-SP2-2/etc/uvm
 option[27]: /package/eda/synopsys/vcs/U-2023.03-SP2-2/etc/uvm/uvm_pkg.sv
 option[28]: -Xvcs_run_simv=1
 option[29]: -full64
 option[30]: +v2k
 option[31]: +acc
 option[32]: -ntb_opts
 option[33]: uvm
 option[34]: +incdir+/package/eda/synopsys/vcs/U-2023.03-SP2-2/etc/uvm/
 option[35]: -P
 option[36]: /package/eda/synopsys/verdi/V-2023.12/share/PLI/VCS/LINUX64/novas.tab
 option[37]: -picarchive
 option[38]: -sverilog
 option[39]: -gen_obj
 option[40]: -f
 option[41]: filelist.f
 option[42]: -P
 option[43]: /package/eda/synopsys/vcs/U-2023.03-SP2-2/linux64/lib/vcsdstub.tab
 option[44]: +define+UVM_DIRECTC_OPTS
*Verdi* WARNING: No '-debug_access' in VCS compile options
Chronologic Simulation VCS Release U-2023.03-SP2-2-T-20240104_Full64
Linux 4.18.0-553.70.1.el8_10.x86_64 #1 SMP Mon Aug 18 02:37:35 PDT 2025 x86_64
CPU cores: 128
Limit information:
======================================
cputime		unlimited
filesize		unlimited
datasize		unlimited
stacksize		unlimited
coredumpsize		0 kbytes
memoryuse		unlimited
vmemoryuse		unlimited
descriptors		262144
memorylocked		64 kbytes
maxproc		63216
======================================
(Special)Runtime environment variables:

Runtime environment variables:
UNAME=/bin/uname
VCS_LOG_FILE=compile.log
LC_ALL=C
LD_LIBRARY_PATH=/package/eda/synopsys/vcs/U-2023.03-SP2-2/lib:/package/eda/synopsys/vcs/U-2023.03-SP2-2/linux64/lib:/home/min/a/ece695x/labs/common/gcc/lib
SNPS_INTERNAL_VCS_LINUX_OS=linux
__LMOD_REF_COUNT_PATH=/package/eda/synopsys/pts-S-2021.06/prime/S-2021.06/bin:1;/package/eda/synopsys/vcs/U-2023.03-SP2-2/linux64/bin:1;/package/eda/synopsys/vcs/U-2023.03-SP2-2/bin:1;/package/eda/synopsys/verdi/V-2023.12/bin:1;/package/eda/synopsys/syn-P-2019.03-SP5/bin:1;/home/min/a/ece695x/labs/common/dlxos/bin:2;/usr/lib64/qt-3.3/bin:1;/usr/lib64/ccache:1;/usr/NX/bin:1;/usr/local/bin:1;/bin:1;/usr/bin:1;/usr/local/sbin:1;/usr/sbin:1;/sbin:1;/usr/opt/bin:1;/usr/site/ece/bin:1;/opt/thinlinc/bin:1;.:1;/opt/thinlinc/sbin:1
_ModuleTable002_=cy9kZXNpZ25jb21waWxlci9QLTIwMTkuMDMtU1A1Lmx1YSIsCmZ1bGxOYW1lID0gInN5bm9wc3lzL2Rlc2lnbmNvbXBpbGVyL1AtMjAxOS4wMy1TUDUiLApsb2FkT3JkZXIgPSAxLApwcm9wVCA9IHt9LApzdGFja0RlcHRoID0gMCwKc3RhdHVzID0gImFjdGl2ZSIsCnVzZXJOYW1lID0gInN5bm9wc3lzL2Rlc2lnbmNvbXBpbGVyL1AtMjAxOS4wMy1TUDUiLAp3ViA9ICIqemZpbmFsLS4wMDAwMDIwMTkuMDAwMDAwMDAzLipzcC4wMDAwMDAwMDUuKnpmaW5hbCIsCn0sClsic3lub3BzeXMvcHJpbWV0aW1lIl0gPSB7CmZuID0gIi9wYWNrYWdlL2VkYS9zZXR1cC9tb2R1bGVmaWxlcy9zeW5vcHN5cy9wcmltZXRpbWUvUy0yMDIxLjA2Lmx1YSIsCmZ1bGxOYW1lID0gInN5bm9wc3lz
SNPS_VCS_INTERNAL_ROOT_START_TIME=1756359576.313860567
XDG_MENU_PREFIX=xfce-
PULSE_SERVER=/var/opt/thinlinc/sessions/huan2288/71/pulse/native 127.0.0.1:5615
MODULES_RUN_QUARANTINE=LD_LIBRARY_PATH LD_PRELOAD
LANG=en_US.UTF-8
HISTCONTROL=ignoredups
SNPS_VCS_INTERNAL_MAKE=make
DISPLAY=:71.0
HOSTNAME=ececomp1.ecn.purdue.edu
SCRNAME=vcs
SNPS_VCS_INTERNAL_CURR_PID=2316484
TOOL_HOME=/package/eda/synopsys/vcs/U-2023.03-SP2-2/linux64
COLORTERM=truecolor
SNPS_VCS_INTERNAL_MAKE_OPT=
SNPS_VCS_CLANG_PATH=/package/eda/synopsys/vcs/U-2023.03-SP2-2/linux64/clang
USERNAME=huan2288
OVA_UUM=0
__LMOD_REF_COUNT_LM_LICENSE_FILE=1718@marina.ecn.purdue.edu:4
MODULEPATH_LOCAL=/etc/modulefiles
PCSCTUN_COOKIE=/var/opt/thinlinc/sessions/huan2288/71/pcsctun-cookie
SSH_AUTH_SOCK=/tmp/ssh-5FEL66Xhfbcz/agent.2216137
_ModuleTable004_=ZSA9ICJzeW5vcHN5cy92Y3MvVS0yMDIzLjAzLVNQMi0yIiwKd1YgPSAiKnUuKnpmaW5hbC0uMDAwMDAyMDIzLjAwMDAwMDAwMy4qc3AuMDAwMDAwMDAyLip6ZmluYWwtLjAwMDAwMDAwMi4qemZpbmFsIiwKfSwKWyJzeW5vcHN5cy92ZXJkaSJdID0gewpmbiA9ICIvcGFja2FnZS9lZGEvc2V0dXAvbW9kdWxlZmlsZXMvc3lub3BzeXMvdmVyZGkvVi0yMDIzLjEyLmx1YSIsCmZ1bGxOYW1lID0gInN5bm9wc3lzL3ZlcmRpL1YtMjAyMy4xMiIsCmxvYWRPcmRlciA9IDIsCnByb3BUID0ge30sCnN0YWNrRGVwdGggPSAwLApzdGF0dXMgPSAiYWN0aXZlIiwKdXNlck5hbWUgPSAic3lub3BzeXMvdmVyZGkvVi0yMDIzLjEyIiwKd1YgPSAiKnYuKnpmaW5hbC0uMDAwMDAyMDIzLjAwMDAw
VCS_MODE_FLAG=64
S_COLORS=auto
which_declare=declare -f
EDA_CFG_ROOT2=/package/eda2
XDG_SESSION_ID=3243
SNPS_VCS_PYTHON3=/package/eda/synopsys/vcs/U-2023.03-SP2-2/linux64/bin/Python-3.6.1/bin/python3
MODULES_CMD=/usr/share/Modules/libexec/modulecmd.tcl
USER=huan2288
VCS_MX_HOME_INTERNAL=1
DESKTOP_SESSION=xfce
__LMOD_REF_COUNT_MODULEPATH=/etc/scl/modulefiles:1;/usr/share/Modules/modulefiles:1;/etc/modulefiles:1;/usr/share/modulefiles:1;/etc/modulefiles/pkg:1;/package/eda/setup/modulefiles:3;/package/modulefiles/ecn/common:1;/package/modulefiles/ecn/ol8:1;/package/modulefiles/ecn/centos:1
PWD=/home/min/a/huan2288/SHA3/UVM
VMR_MODE_FLAG=64
SSH_ASKPASS=/usr/libexec/openssh/gnome-ssh-askpass
HOME=/home/min/a/huan2288
PULSE_RUNTIME_PATH=/var/opt/thinlinc/sessions/huan2288/71/pulse
LMOD_COLORIZE=yes
SSH_AGENT_PID=2216141
LMOD_VERSION=8.7
LMOD_SETTARG_CMD=:
XDG_SESSION_TYPE=x11
KRB5CCNAME=/var/opt/thinlinc/sessions/huan2288/71/krb5cc
VCS_ARG_ADDED_FOR_TMP=1
BASH_ENV=/usr/share/lmod/lmod/init/bash
XDG_DATA_DIRS=/home/min/a/huan2288/.local/share/flatpak/exports/share:/var/lib/flatpak/exports/share:/usr/local/share:/usr/share:/usr/share
XDG_SESSION_DESKTOP=xfce
LMOD_sys=Linux
_ModuleTable001_=X01vZHVsZVRhYmxlXyA9IHsKTVR2ZXJzaW9uID0gMywKY19yZWJ1aWxkVGltZSA9IGZhbHNlLApjX3Nob3J0VGltZSA9IGZhbHNlLApkZXB0aFQgPSB7fSwKZmFtaWx5ID0ge30sCm1UID0gewplZGFjZmcgPSB7CmZuID0gIi9wYWNrYWdlL2VkYS9zZXR1cC9tb2R1bGVmaWxlcy9lZGFjZmcvMS5sdWEiLApmdWxsTmFtZSA9ICJlZGFjZmcvMSIsCmxvYWRPcmRlciA9IDQsCnByb3BUID0ge30sCnN0YWNrRGVwdGggPSAxLApzdGF0dXMgPSAiYWN0aXZlIiwKdXNlck5hbWUgPSAiZWRhY2ZnIiwKd1YgPSAiMDAwMDAwMDAxLip6ZmluYWwiLAp9LApbInN5bm9wc3lzL2Rlc2lnbmNvbXBpbGVyIl0gPSB7CmZuID0gIi9wYWNrYWdlL2VkYS9zZXR1cC9tb2R1bGVmaWxlcy9zeW5vcHN5
LOADEDMODULES=synopsys/designcompiler/P-2019.03-SP5:synopsys/verdi/V-2023.12:synopsys/vcs/U-2023.03-SP2-2:edacfg/1:synopsys/primetime/S-2021.06
LMOD_AVAIL_STYLE=system:<grouped>
__LMOD_REF_COUNT_MANPATH=/package/eda/synopsys/pts-S-2021.06/prime/S-2021.06/doc/pts/man:1;/package/eda/synopsys/syn-P-2019.03-SP5/doc/syn/man:1;/package/eda/synopsys/syn-P-2019.03-SP5/doc/snps_tcl/man:1;/package/eda/synopsys/syn-P-2019.03-SP5/doc/snps_gui/man:1;/package/eda/synopsys/syn-P-2019.03-SP5/doc/icc/man:1;/usr/share/lmod/lmod/share/man:1;/opt/thinlinc/share/man:1
_ModuleTable006_=ZmlsZXM6L3Vzci9zaGFyZS9tb2R1bGVmaWxlczovZXRjL21vZHVsZWZpbGVzL3BrZzovcGFja2FnZS9lZGEvc2V0dXAvbW9kdWxlZmlsZXM6L3BhY2thZ2UvbW9kdWxlZmlsZXMvZWNuL2NvbW1vbjovcGFja2FnZS9lZGEvc2V0dXAvbW9kdWxlZmlsZXM6L3BhY2thZ2UvbW9kdWxlZmlsZXMvZWNuL29sODovcGFja2FnZS9lZGEvc2V0dXAvbW9kdWxlZmlsZXM6L3BhY2thZ2UvbW9kdWxlZmlsZXMvZWNuL2NlbnRvcyIsCn0K
_ModuleTable003_=L3ByaW1ldGltZS9TLTIwMjEuMDYiLApsb2FkT3JkZXIgPSA1LApwcm9wVCA9IHt9LApzdGFja0RlcHRoID0gMCwKc3RhdHVzID0gImFjdGl2ZSIsCnVzZXJOYW1lID0gInN5bm9wc3lzL3ByaW1ldGltZS9TLTIwMjEuMDYiLAp3ViA9ICJecy4qemZpbmFsLS4wMDAwMDIwMjEuMDAwMDAwMDA2Lip6ZmluYWwiLAp9LApbInN5bm9wc3lzL3ZjcyJdID0gewpmbiA9ICIvcGFja2FnZS9lZGEvc2V0dXAvbW9kdWxlZmlsZXMvc3lub3BzeXMvdmNzL1UtMjAyMy4wMy1TUDItMi5sdWEiLApmdWxsTmFtZSA9ICJzeW5vcHN5cy92Y3MvVS0yMDIzLjAzLVNQMi0yIiwKbG9hZE9yZGVyID0gMywKcHJvcFQgPSB7fSwKc3RhY2tEZXB0aCA9IDAsCnN0YXR1cyA9ICJhY3RpdmUiLAp1c2VyTmFt
NOVAS_HOME=/package/eda/synopsys/verdi/V-2023.12
LMOD_ROOT=/opt/lmod
TLPROFILE=xfce
MAIL=/var/spool/mail/huan2288
EDA_CFG_ROOT=/package/eda
PULSE_COOKIE=/var/opt/thinlinc/sessions/huan2288/71/pulse-cookie
LMOD_arch=x86_64
TOWN=Springfield
TERM=xterm-256color
SHELL=/bin/bash
VTE_VERSION=5204
XDG_SESSION_CLASS=user
SNPS_VCS_INTERNAL_ROOT_PID=2316484
SCRIPT_NAME=vcs
SNPS_VCS_INTERNAL_MEMPRELOAD_USE_LIBC=1
_ModuleTable_Sz_=6
LM_LICENSE_FILE=1718@marina.ecn.purdue.edu
SNPS_VCS_TMPDIR=/tmp/vcs_20250828053936_2316484
TLSESSIONDATA=/var/opt/thinlinc/sessions/huan2288/71
PCSCTUN_SERVER=127.0.0.1:5616
XDG_CURRENT_DESKTOP=XFCE
MODULEPATH_PACKAGE=/package/eda/setup/modulefiles:/package/modulefiles/ecn
VERDI_HOME=/package/eda/synopsys/verdi/V-2023.12
VCS_UVM_HOME=/package/eda/synopsys/vcs/U-2023.03-SP2-2/etc/uvm
SHLVL=5
VCS_COM=/package/eda/synopsys/vcs/U-2023.03-SP2-2/linux64/bin/vcs1
VCS_ARCH=linux64
MANPATH=/package/eda/synopsys/pts-S-2021.06/prime/S-2021.06/doc/pts/man:/package/eda/synopsys/syn-P-2019.03-SP5/doc/syn/man:/package/eda/synopsys/syn-P-2019.03-SP5/doc/snps_tcl/man:/package/eda/synopsys/syn-P-2019.03-SP5/doc/snps_gui/man:/package/eda/synopsys/syn-P-2019.03-SP5/doc/icc/man:/usr/share/lmod/lmod/share/man::/opt/thinlinc/share/man
VCS_DEPTH=0
WINDOWID=35651587
LMOD_PREPEND_BLOCK=normal
MODULEPATH=/etc/scl/modulefiles:/usr/share/Modules/modulefiles:/etc/modulefiles:/usr/share/modulefiles:/etc/modulefiles/pkg:/package/eda/setup/modulefiles:/package/modulefiles/ecn/common:/package/modulefiles/ecn/ol8:/package/modulefiles/ecn/centos
LOGNAME=huan2288
DBUS_SESSION_BUS_ADDRESS=unix:path=/run/user/2091029/bus
XDG_RUNTIME_DIR=/run/user/2091029
XAUTHORITY=/var/opt/thinlinc/sessions/huan2288/71/Xauthority
MODULEPATH_modshare=/usr/share/Modules/modulefiles:2:/etc/modulefiles:2:/usr/share/modulefiles:2
LMOD_PACKAGE_PATH=/etc/lmod
XDG_CONFIG_DIRS=/etc/xdg
PATH=.:/package/eda/synopsys/pts-S-2021.06/prime/S-2021.06/bin:/package/eda/synopsys/vcs/U-2023.03-SP2-2/linux64/bin:/package/eda/synopsys/vcs/U-2023.03-SP2-2/bin:/package/eda/synopsys/verdi/V-2023.12/bin:/package/eda/synopsys/syn-P-2019.03-SP5/bin:/home/min/a/ece695x/labs/common/dlxos/bin:/usr/lib64/qt-3.3/bin:/usr/lib64/ccache:/usr/NX/bin:/usr/local/bin:/bin:/usr/bin:/usr/local/sbin:/usr/sbin:/sbin:/usr/opt/bin:/usr/site/ece/bin:/opt/thinlinc/bin:.:/opt/thinlinc/sbin
_LMFILES_=/package/eda/setup/modulefiles/synopsys/designcompiler/P-2019.03-SP5.lua:/package/eda/setup/modulefiles/synopsys/verdi/V-2023.12.lua:/package/eda/setup/modulefiles/synopsys/vcs/U-2023.03-SP2-2.lua:/package/eda/setup/modulefiles/edacfg/1.lua:/package/eda/setup/modulefiles/synopsys/primetime/S-2021.06.lua
VCS_HOME=/package/eda/synopsys/vcs/U-2023.03-SP2-2
MODULESHOME=/opt/lmod/lmod
LMOD_SETTARG_FULL_SUPPORT=no
sysc_uni_pwd=/home/min/a/huan2288/SHA3/UVM
TLPREFIX=/opt/thinlinc
HISTSIZE=1000
LMOD_PKG=/opt/lmod/lmod
VCS_PYTHON3=/package/eda/synopsys/vcs/U-2023.03-SP2-2/linux64/bin/Python-3.6.1/bin/python3
SESSION_MANAGER=local/unix:@/tmp/.ICE-unix/2216047,unix/unix:/tmp/.ICE-unix/2216047
SYNTHESIS=/package/eda/synopsys/syn-P-2019.03-SP5
LMOD_CMD=/opt/lmod/lmod/libexec/lmod
_ModuleTable005_=MDAxMi4qemZpbmFsIiwKfSwKfSwKbXBhdGhBID0gewoiL2V0Yy9zY2wvbW9kdWxlZmlsZXMiLCAiL3Vzci9zaGFyZS9Nb2R1bGVzL21vZHVsZWZpbGVzIiwgIi9ldGMvbW9kdWxlZmlsZXMiCiwgIi91c3Ivc2hhcmUvbW9kdWxlZmlsZXMiLCAiL2V0Yy9tb2R1bGVmaWxlcy9wa2ciCiwgIi9wYWNrYWdlL2VkYS9zZXR1cC9tb2R1bGVmaWxlcyIsICIvcGFja2FnZS9tb2R1bGVmaWxlcy9lY24vY29tbW9uIgosICIvcGFja2FnZS9tb2R1bGVmaWxlcy9lY24vb2w4IiwgIi9wYWNrYWdlL21vZHVsZWZpbGVzL2Vjbi9jZW50b3MiLAp9LApzeXN0ZW1CYXNlTVBBVEggPSAiL2V0Yy9zY2wvbW9kdWxlZmlsZXM6L3Vzci9zaGFyZS9Nb2R1bGVzL21vZHVsZWZpbGVzOi9ldGMvbW9kdWxl
CVS_RSH=ssh
LESSOPEN=||/usr/bin/lesspipe.sh %s
LMOD_FULL_SETTARG_SUPPORT=no
LMOD_DIR=/opt/lmod/lmod/libexec
BASH_FUNC_which%%=() {  ( alias;
 eval ${which_declare} ) | /usr/bin/which --tty-only --read-alias --read-functions --show-tilde --show-dot $@
}
BASH_FUNC_module%%=() {  local __lmod_my_status;
 local __lmod_sh_dbg;
 if [ -z "${LMOD_SH_DBG_ON+x}" ]; then
 case "$-" in 
 *v*x*)
 __lmod_sh_dbg='vx'
 ;;
 *v*)
 __lmod_sh_dbg='v'
 ;;
 *x*)
 __lmod_sh_dbg='x'
 ;;
 esac;
 fi;
 if [ -n "${__lmod_sh_dbg:-}" ]; then
 set +$__lmod_sh_dbg;
 echo "Shell debugging temporarily silenced: export LMOD_SH_DBG_ON=1 for Lmod's output" 1>&2;
 fi;
 eval "$($LMOD_CMD bash "$@")" && eval $(${LMOD_SETTARG_CMD:-:} -s sh);
 __lmod_my_status=$?;
 if [ -n "${__lmod_sh_dbg:-}" ]; then
 echo "Shell debugging restarted" 1>&2;
 set -$__lmod_sh_dbg;
 fi;
 return $__lmod_my_status
}
BASH_FUNC_switchml%%=() {  typeset swfound=1;
 if [ "${MODULES_USE_COMPAT_VERSION:-0}" = '1' ]; then
 typeset swname='main';
 if [ -e /usr/share/Modules/libexec/modulecmd.tcl ]; then
 typeset swfound=0;
 unset MODULES_USE_COMPAT_VERSION;
 fi;
 else
 typeset swname='compatibility';
 if [ -e /usr/share/Modules/libexec/modulecmd-compat ]; then
 typeset swfound=0;
 MODULES_USE_COMPAT_VERSION=1;
 export MODULES_USE_COMPAT_VERSION;
 fi;
 fi;
 if [ $swfound -eq 0 ]; then
 echo "Switching to Modules $swname version";
 source /usr/share/Modules/init/bash;
 else
 echo "Cannot switch to Modules $swname version, command not found";
 return 1;
 fi
}
BASH_FUNC_scl%%=() {  if [ "$1" = "load" -o "$1" = "unload" ]; then
 eval "module $@";
 else
 /usr/bin/scl "$@";
 fi
}
BASH_FUNC_ml%%=() {  eval "$($LMOD_DIR/ml_cmd "$@")"
}
_=./simv
VCS_PATHMAP_PRELOAD_DONE=1
VCS_EXEC_DONE=1
DVE=/package/eda/synopsys/vcs/U-2023.03-SP2-2/gui/dve
SPECMAN_OUTPUT_TO_TTY=1
FLEXLM_BORROWFILE=/home/min/a/huan2288/.ececomp1.ecn.purdue.edu-borrow.txt
Runtime command line arguments:
argv[0]=simv
argv[1]=+v2k
argv[2]=+acc
argv[3]=-a
argv[4]=compile.log
argv[5]=+define+UVM_DIRECTC_OPTS
300 profile - 100
          CPU/Mem usage: 0.050 sys,  0.150 user,  298.77M mem
301 Elapsed time:    0:00:00    Thu Aug 28 01:39:41 2025
302 User CPU time used: 0 seconds
303 System CPU time used: 0 seconds
304 pliAppInit
305 [SC]Init: MemoryConsumed=0.00MB ElapsedTime=0hour 0min. 0sec.
306 FSDB_GATE & FSDB_RTL is disabled.
307 FSDB_PACKED_MODE is enabled.
308 FSDB_GATE_PACKED is enabled.
309 FSDB_ALIAS_ARRAY_ELEM is set to 4294967295.
310 Enable Parallel Dumping.
311 pliAppMiscSet: New Sim Round
312 pliEntryInit
313 LIBSSCORE=found /package/eda/synopsys/verdi/V-2023.12/share/PLI/lib/LINUXAMD64/libsscore_vcs202303.so through $NOVAS_HOME setting.
314 FSDB Dumper for VCS, Release Verdi_V-2023.12, Linux x86_64/64bit, 11/15/2023
315 (C) 1996 - 2023 by Synopsys, Inc.
316 sps_call_fsdbDumpfile_main at 0 : top.sv(74)
317 argv[0]: (wave.fsdb)
318 *Verdi* FSDB WARNING: The FSDB file already exists. Overwriting the FSDB file may crash the programs that are using this file.
319 *Verdi* : Create FSDB file 'wave.fsdb'
320 [spi_vcs_vd_ppi_create_root]: no upf option
321 compile option from '/home/min/a/huan2288/SHA3/UVM/simv.daidir/vcs_rebuild'.
322   "vcs '-full64' '-sverilog' '+v2k' '-sv2k12' '+acc' '-ntb_opts' 'uvm' '-f' 'filelist.f' '-l' 'compile.log' '-P' '/package/eda/synopsys/verdi/V-2023.12/share/PLI/VCS/LINUX64/novas.tab' '/package/eda/synopsys/verdi/V-2023.12/share/PLI/VCS/LINUX64/pli.a' '-R' 2>&1"
323 DVDI_is_vir_unload_enabled is enable
324 FSDB_VCS_ENABLE_NATIVE_VC is enable
325 sps_call_fsdbDumpvars_vd_main at 0 : top.sv(75)
326 argv[0]: (0)
327 argv[1]: (handle) top.dut
328 *Verdi* : Begin traversing the scope (top.dut), layer (0).
329 *Verdi* : End of traversing.
330 pliAppHDL_DumpVarComplete traverse var: profile - 
          CPU/Mem usage: 0.060 sys,  0.160 user,  396.83M mem
                   incr: 0.010 sys,  0.000 user,  4.35M mem
                   accu: 0.010 sys,  0.000 user,  4.35M mem
              accu incr: 0.010 sys,  0.000 user,  4.35M mem

          Count usage: 403 var,  217 idcode,  215 callback
                 incr: 403 var,  217 idcode,  215 callback
                 accu: 403 var,  217 idcode,  215 callback
            accu incr: 403 var,  217 idcode,  215 callback
331 Elapsed time:    0:00:00    Thu Aug 28 01:39:41 2025
332 User CPU time used: 0 seconds
333 System CPU time used: 0 seconds
334 pliAppHDL_DumpVarComplete: profile - 
          CPU/Mem usage: 0.060 sys,  0.160 user,  397.98M mem
                   incr: 0.000 sys,  0.000 user,  1.15M mem
                   accu: 0.010 sys,  0.000 user,  5.50M mem
              accu incr: 0.000 sys,  0.000 user,  1.15M mem

          Count usage: 403 var,  217 idcode,  215 callback
                 incr: 0 var,  0 idcode,  0 callback
                 accu: 403 var,  217 idcode,  215 callback
            accu incr: 0 var,  0 idcode,  0 callback
335 Elapsed time:    0:00:00    Thu Aug 28 01:39:41 2025
336 User CPU time used: 0 seconds
337 System CPU time used: 0 seconds
338 End of simulation at 1570
339 Memory usage: 399.045 M
340 Maximum resident set size: 134 MB
341 Hard page faults: 1
342 Soft page faults: 14564
343 Elapsed time:    0:00:00    Thu Aug 28 01:39:41 2025
344 User CPU time used: 0 seconds
345 System CPU time used: 0 seconds
346 Begin FSDB profile info:
347 FSDB Writer : bc1(365) bcn(10813) mtf/stf(0/0)
FSDB Writer elapsed time : flush(0.004100) io wait(0.000000) theadpool wait(0.000000)
FSDB Writer cpu time : MT Compression : 0
348 End FSDB profile info
349 FSDB closed. Name: wave.fsdb Size: 44043
350 Parallel profile     - ProducerThread:1 ConsumerThread:1 Buffer:64MB
351                      - BlockUsed:1 Acquire:0 BufferUsed:271570
352                      - Flush:3 Expand:0 ProducerWait:0 ConsumerWait:0
353                      - MainProducerTime:0.232642535 TotalConsumerTime:0.000000000
354                      - ElapsedTime:0.051872000
355 Producer   0 profile - BlockUsed:2 Acquire:0 BufferUsed:271570
356 Consumer   0 profile - Affinity:-1 CPUTime:0.000000000 LifeTime:0.000000000 (-nan%)
357                      - BlockUsed:2 Acquire:0 BufferUsed:271570
358 SimExit
359 Elapsed time:    0:00:00    Thu Aug 28 01:39:41 2025
360 User CPU time used: 0 seconds
361 System CPU time used: 0 seconds
362 Sim process exit
